Determining if the pthread_create exist failed with the following output:
Change Dir: /home/team5/catkin_ws/build/CMakeFiles/CMakeTmp

Run Build Command:"/usr/bin/make" "cmTC_33d10/fast"
/usr/bin/make -f CMakeFiles/cmTC_33d10.dir/build.make CMakeFiles/cmTC_33d10.dir/build
make[1]: Entering directory '/home/team5/catkin_ws/build/CMakeFiles/CMakeTmp'
Building C object CMakeFiles/cmTC_33d10.dir/CheckSymbolExists.c.o
/usr/bin/cc    -o CMakeFiles/cmTC_33d10.dir/CheckSymbolExists.c.o   -c /home/team5/catkin_ws/build/CMakeFiles/CMakeTmp/CheckSymbolExists.c
Linking C executable cmTC_33d10
/usr/bin/cmake -E cmake_link_script CMakeFiles/cmTC_33d10.dir/link.txt --verbose=1
/usr/bin/cc      -rdynamic CMakeFiles/cmTC_33d10.dir/CheckSymbolExists.c.o  -o cmTC_33d10 
CMakeFiles/cmTC_33d10.dir/CheckSymbolExists.c.o: In function `main':
CheckSymbolExists.c:(.text+0x14): undefined reference to `pthread_create'
CheckSymbolExists.c:(.text+0x18): undefined reference to `pthread_create'
collect2: error: ld returned 1 exit status
CMakeFiles/cmTC_33d10.dir/build.make:97: recipe for target 'cmTC_33d10' failed
make[1]: *** [cmTC_33d10] Error 1
make[1]: Leaving directory '/home/team5/catkin_ws/build/CMakeFiles/CMakeTmp'
Makefile:126: recipe for target 'cmTC_33d10/fast' failed
make: *** [cmTC_33d10/fast] Error 2

File /home/team5/catkin_ws/build/CMakeFiles/CMakeTmp/CheckSymbolExists.c:
/* */
#include <pthread.h>

int main(int argc, char** argv)
{
  (void)argv;
#ifndef pthread_create
  return ((int*)(&pthread_create))[argc];
#else
  (void)argc;
  return 0;
#endif
}

Determining if the function pthread_create exists in the pthreads failed with the following output:
Change Dir: /home/team5/catkin_ws/build/CMakeFiles/CMakeTmp

Run Build Command:"/usr/bin/make" "cmTC_eaedb/fast"
/usr/bin/make -f CMakeFiles/cmTC_eaedb.dir/build.make CMakeFiles/cmTC_eaedb.dir/build
make[1]: Entering directory '/home/team5/catkin_ws/build/CMakeFiles/CMakeTmp'
Building C object CMakeFiles/cmTC_eaedb.dir/CheckFunctionExists.c.o
/usr/bin/cc   -DCHECK_FUNCTION_EXISTS=pthread_create   -o CMakeFiles/cmTC_eaedb.dir/CheckFunctionExists.c.o   -c /usr/share/cmake-3.10/Modules/CheckFunctionExists.c
Linking C executable cmTC_eaedb
/usr/bin/cmake -E cmake_link_script CMakeFiles/cmTC_eaedb.dir/link.txt --verbose=1
/usr/bin/cc  -DCHECK_FUNCTION_EXISTS=pthread_create    -rdynamic CMakeFiles/cmTC_eaedb.dir/CheckFunctionExists.c.o  -o cmTC_eaedb -lpthreads 
/usr/bin/ld: cannot find -lpthreads
collect2: error: ld returned 1 exit status
CMakeFiles/cmTC_eaedb.dir/build.make:97: recipe for target 'cmTC_eaedb' failed
make[1]: *** [cmTC_eaedb] Error 1
make[1]: Leaving directory '/home/team5/catkin_ws/build/CMakeFiles/CMakeTmp'
Makefile:126: recipe for target 'cmTC_eaedb/fast' failed
make: *** [cmTC_eaedb/fast] Error 2


